Build started 12/9/2014 6:18:40 AM.
     1>Project "C:\Users\Soheil\documents\visual studio 2013\Projects\DBMS2\DBMS2\DBMS2.vcxproj" on node 2 (Build target(s)).
     1>ClCompile:
         C:\Program Files (x86)\Microsoft Visual Studio 12.0\VC\bin\CL.exe /c /ZI /nologo /W3 /WX- /Od /Oy- /D WIN32 /D _DEBUG /D _CONSOLE /D _LIB /D _UNICODE /D UNICODE /Gm /EHsc /RTC1 /MDd /GS /fp:precise /Zc:wchar_t /Zc:forScope /Fo"Debug\\" /Fd"Debug\vc120.pdb" /Gd /TP /analyze- /errorReport:prompt readwrite.cpp
         readwrite.cpp
     1>c:\users\soheil\documents\visual studio 2013\projects\dbms2\dbms2\records.h(83): warning C4244: '=' : conversion from 'std::streamoff' to 'int', possible loss of data
     1>c:\users\soheil\documents\visual studio 2013\projects\dbms2\dbms2\records.h(98): warning C4244: 'initializing' : conversion from 'std::streamoff' to 'int', possible loss of data
     1>c:\users\soheil\documents\visual studio 2013\projects\dbms2\dbms2\records.h(109): warning C4244: '=' : conversion from 'std::streamoff' to 'int', possible loss of data
     1>c:\users\soheil\documents\visual studio 2013\projects\dbms2\dbms2\records.h(116): warning C4244: 'initializing' : conversion from 'std::streamoff' to 'int', possible loss of data
     1>c:\users\soheil\documents\visual studio 2013\projects\dbms2\dbms2\records.h(122): warning C4244: '=' : conversion from 'std::streamoff' to 'int', possible loss of data
     1>c:\users\soheil\documents\visual studio 2013\projects\dbms2\dbms2\records.h(129): warning C4244: '=' : conversion from 'std::streamoff' to 'int', possible loss of data
     1>c:\users\soheil\documents\visual studio 2013\projects\dbms2\dbms2\records.h(149): warning C4244: 'initializing' : conversion from 'std::streamoff' to 'int', possible loss of data
     1>c:\users\soheil\documents\visual studio 2013\projects\dbms2\dbms2\records.h(151): warning C4244: 'initializing' : conversion from 'std::streamoff' to 'int', possible loss of data
     1>c:\users\soheil\documents\visual studio 2013\projects\dbms2\dbms2\records.h(185): warning C4244: 'initializing' : conversion from 'std::streamoff' to 'int', possible loss of data
     1>c:\users\soheil\documents\visual studio 2013\projects\dbms2\dbms2\records.h(202): warning C4244: 'initializing' : conversion from 'std::streamoff' to 'int', possible loss of data
     1>c:\users\soheil\documents\visual studio 2013\projects\dbms2\dbms2\records.h(221): warning C4244: 'initializing' : conversion from 'std::streamoff' to 'int', possible loss of data
     1>c:\users\soheil\documents\visual studio 2013\projects\dbms2\dbms2\records.h(268): warning C4244: 'initializing' : conversion from 'std::streamoff' to 'int', possible loss of data
     1>c:\users\soheil\documents\visual studio 2013\projects\dbms2\dbms2\records.h(296): warning C4244: 'initializing' : conversion from 'std::streamoff' to 'int', possible loss of data
     1>c:\users\soheil\documents\visual studio 2013\projects\dbms2\dbms2\records.h(314): warning C4244: '=' : conversion from 'std::streamoff' to 'int', possible loss of data
     1>c:\users\soheil\documents\visual studio 2013\projects\dbms2\dbms2\records.h(322): warning C4244: '=' : conversion from 'std::streamoff' to 'int', possible loss of data
     1>c:\users\soheil\documents\visual studio 2013\projects\dbms2\dbms2\records.h(338): warning C4244: '=' : conversion from 'std::streamoff' to 'int', possible loss of data
     1>c:\users\soheil\documents\visual studio 2013\projects\dbms2\dbms2\records.h(348): warning C4244: 'return' : conversion from 'std::streamoff' to 'int', possible loss of data
     1>c:\users\soheil\documents\visual studio 2013\projects\dbms2\dbms2\readwrite.cpp(127): warning C4244: 'initializing' : conversion from 'std::streamoff' to 'int', possible loss of data
     1>c:\users\soheil\documents\visual studio 2013\projects\dbms2\dbms2\readwrite.cpp(129): warning C4244: 'initializing' : conversion from 'std::streamoff' to 'int', possible loss of data
     1>c:\users\soheil\documents\visual studio 2013\projects\dbms2\dbms2\readwrite.cpp(150): warning C4244: 'initializing' : conversion from 'std::streamoff' to 'int', possible loss of data
       Link:
         C:\Program Files (x86)\Microsoft Visual Studio 12.0\VC\bin\link.exe /ERRORREPORT:PROMPT /OUT:"C:\Users\Soheil\documents\visual studio 2013\Projects\DBMS2\Debug\DBMS2.exe" /INCREMENTAL /NOLOGO kernel32.lib user32.lib gdi32.lib winspool.lib comdlg32.lib advapi32.lib shell32.lib ole32.lib oleaut32.lib uuid.lib odbc32.lib odbccp32.lib /MANIFEST /MANIFESTUAC:"level='asInvoker' uiAccess='false'" /manifest:embed /DEBUG /PDB:"C:\Users\Soheil\documents\visual studio 2013\Projects\DBMS2\Debug\DBMS2.pdb" /SUBSYSTEM:CONSOLE /TLBID:1 /DYNAMICBASE /NXCOMPAT /IMPLIB:"C:\Users\Soheil\documents\visual studio 2013\Projects\DBMS2\Debug\DBMS2.lib" /MACHINE:X86 Debug\readwrite.obj
         DBMS2.vcxproj -> C:\Users\Soheil\documents\visual studio 2013\Projects\DBMS2\Debug\DBMS2.exe
     1>Done Building Project "C:\Users\Soheil\documents\visual studio 2013\Projects\DBMS2\DBMS2\DBMS2.vcxproj" (Build target(s)).

Build succeeded.

Time Elapsed 00:00:01.21
